0 info it worked if it ends with ok
1 verbose cli [ '/usr/bin/node', '/usr/bin/npm', 'publish' ]
2 info using npm@1.4.9
3 info using node@v0.10.28
4 verbose node symlink /usr/bin/node
5 verbose publish [ '.' ]
6 verbose cache add [ '.', null ]
7 verbose cache add name=undefined spec="." args=[".",null]
8 verbose parsed url { protocol: null,
8 verbose parsed url   slashes: null,
8 verbose parsed url   auth: null,
8 verbose parsed url   host: null,
8 verbose parsed url   port: null,
8 verbose parsed url   hostname: null,
8 verbose parsed url   hash: null,
8 verbose parsed url   search: null,
8 verbose parsed url   query: null,
8 verbose parsed url   pathname: '.',
8 verbose parsed url   path: '.',
8 verbose parsed url   href: '.' }
9 silly lockFile 3a52ce78- .
10 verbose lock . /home/jacobo/.npm/3a52ce78-.lock
11 verbose tar pack [ '/home/jacobo/tmp/npm-14311-s_LjZK7a/1401049087413-0.3155032030772418/tmp.tgz',
11 verbose tar pack   '.' ]
12 verbose tarball /home/jacobo/tmp/npm-14311-s_LjZK7a/1401049087413-0.3155032030772418/tmp.tgz
13 verbose folder .
14 info prepublish hardwire-cli@0.0.1
15 silly lockFile 1f1177db-tar tar://.
16 verbose lock tar://. /home/jacobo/.npm/1f1177db-tar.lock
17 silly lockFile a1a5827b-87413-0-3155032030772418-tmp-tgz tar:///home/jacobo/tmp/npm-14311-s_LjZK7a/1401049087413-0.3155032030772418/tmp.tgz
18 verbose lock tar:///home/jacobo/tmp/npm-14311-s_LjZK7a/1401049087413-0.3155032030772418/tmp.tgz /home/jacobo/.npm/a1a5827b-87413-0-3155032030772418-tmp-tgz.lock
19 silly lockFile 1f1177db-tar tar://.
20 silly lockFile 1f1177db-tar tar://.
21 silly lockFile a1a5827b-87413-0-3155032030772418-tmp-tgz tar:///home/jacobo/tmp/npm-14311-s_LjZK7a/1401049087413-0.3155032030772418/tmp.tgz
22 silly lockFile a1a5827b-87413-0-3155032030772418-tmp-tgz tar:///home/jacobo/tmp/npm-14311-s_LjZK7a/1401049087413-0.3155032030772418/tmp.tgz
23 verbose tar unpack /home/jacobo/tmp/npm-14311-s_LjZK7a/1401049087413-0.3155032030772418/tmp.tgz
24 silly lockFile 34501577-o-npm-hardwire-cli-0-0-1-package tar:///home/jacobo/.npm/hardwire-cli/0.0.1/package
25 verbose lock tar:///home/jacobo/.npm/hardwire-cli/0.0.1/package /home/jacobo/.npm/34501577-o-npm-hardwire-cli-0-0-1-package.lock
26 silly lockFile a1a5827b-87413-0-3155032030772418-tmp-tgz tar:///home/jacobo/tmp/npm-14311-s_LjZK7a/1401049087413-0.3155032030772418/tmp.tgz
27 verbose lock tar:///home/jacobo/tmp/npm-14311-s_LjZK7a/1401049087413-0.3155032030772418/tmp.tgz /home/jacobo/.npm/a1a5827b-87413-0-3155032030772418-tmp-tgz.lock
28 silly gunzTarPerm modes [ '755', '644' ]
29 silly gunzTarPerm extractEntry package.json
30 silly gunzTarPerm modified mode [ 'package.json', 436, 420 ]
31 silly gunzTarPerm extractEntry .npmignore
32 silly gunzTarPerm modified mode [ '.npmignore', 436, 420 ]
33 silly gunzTarPerm extractEntry README.md
34 silly gunzTarPerm modified mode [ 'README.md', 436, 420 ]
35 silly gunzTarPerm extractEntry LICENSE
36 silly gunzTarPerm modified mode [ 'LICENSE', 436, 420 ]
37 silly gunzTarPerm extractEntry .jshintrc
38 silly gunzTarPerm modified mode [ '.jshintrc', 436, 420 ]
39 silly gunzTarPerm extractEntry bin/hardwire
40 silly gunzTarPerm modified mode [ 'bin/hardwire', 438, 420 ]
41 silly lockFile 34501577-o-npm-hardwire-cli-0-0-1-package tar:///home/jacobo/.npm/hardwire-cli/0.0.1/package
42 silly lockFile 34501577-o-npm-hardwire-cli-0-0-1-package tar:///home/jacobo/.npm/hardwire-cli/0.0.1/package
43 silly lockFile a1a5827b-87413-0-3155032030772418-tmp-tgz tar:///home/jacobo/tmp/npm-14311-s_LjZK7a/1401049087413-0.3155032030772418/tmp.tgz
44 silly lockFile a1a5827b-87413-0-3155032030772418-tmp-tgz tar:///home/jacobo/tmp/npm-14311-s_LjZK7a/1401049087413-0.3155032030772418/tmp.tgz
45 silly lockFile 3a52ce78- .
46 silly lockFile 3a52ce78- .
47 silly publish { name: 'hardwire-cli',
47 silly publish   description: 'CLI for Hardwire',
47 silly publish   version: '0.0.1',
47 silly publish   author: { name: 'Jacobo Tabernero - jacobo@xarope.eu' },
47 silly publish   homepage: 'https://github.com/jacoborus/hardwire-cli',
47 silly publish   main: 'bin/hardwire',
47 silly publish   scripts: { test: 'echo "Error: no test specified" && exit 1' },
47 silly publish   repository:
47 silly publish    { type: 'git',
47 silly publish      url: 'git@github.com:jacoborus/hardwire-cli.git' },
47 silly publish   keywords: [ 'cli', 'hardwire', 'generator', 'framework' ],
47 silly publish   bin: { hardwire: './bin/hardwire' },
47 silly publish   license: 'MIT',
47 silly publish   bugs: { url: 'https://github.com/jacoborus/hardwire-cli/issues' },
47 silly publish   dependencies:
47 silly publish    { 'hardwire-boilerplates': '0.0.2',
47 silly publish      minimist: '^0.1.0',
47 silly publish      ncp: '^0.5.1' },
47 silly publish   readme: 'Hardwire CLI\n============\n\nCommand line interface for Hardwire.\n\n\nFeatures\n--------\n\n- Generate boilerplates for Hardwire\n- (planned) Install Hardwire plugins\n- (planned) Build Hardwire plugins\n\n\nInstallation\n------------\n\n```\nsudo npm install -g hardwire-cli\n```\n\n\nUsage\n-----\n\n`hardwire options directory`\n\nOptions:\n\n```\n  -g <boilerplate>      generate boilerplate (basic or blog)\n  -i <plugin>           install plugin (not ready)\n  -h                    show this help\n```\n\n\n\n---\n\n© 2014 Jacobo Tabernero - [jacoborus](https://github.com/jacoborus)\n\nReleased under [MIT License](https://raw.github.com/jacoborus/hardwire-cli/master/LICENSE)\n',
47 silly publish   readmeFilename: 'README.md',
47 silly publish   _id: 'hardwire-cli@0.0.1',
47 silly publish   _shasum: 'ac77cab3f85d99072fcdf5fee4e3a6a826113312',
47 silly publish   _from: '.' }
48 verbose url raw hardwire-cli
49 verbose url resolving [ 'https://registry.npmjs.org/', './hardwire-cli' ]
50 verbose url resolved https://registry.npmjs.org/hardwire-cli
51 info trying registry request attempt 1 at 15:18:07
52 http PUT https://registry.npmjs.org/hardwire-cli
53 http 403 https://registry.npmjs.org/hardwire-cli
54 verbose headers { date: 'Sun, 25 May 2014 20:18:08 GMT',
54 verbose headers   server: 'CouchDB/1.5.0 (Erlang OTP/R14B04)',
54 verbose headers   'content-type': 'application/json',
54 verbose headers   'cache-control': 'max-age=1',
54 verbose headers   'content-length': '3259',
54 verbose headers   'accept-ranges': 'bytes',
54 verbose headers   via: '1.1 varnish',
54 verbose headers   'x-served-by': 'cache-d64-DAL',
54 verbose headers   'x-cache': 'MISS',
54 verbose headers   'x-cache-hits': '0',
54 verbose headers   'x-timer': 'S1401049088.104851,VS0,VE220',
54 verbose headers   'keep-alive': 'timeout=10, max=50',
54 verbose headers   connection: 'Keep-Alive' }
55 error publish Failed PUT 403
56 error Error: forbidden cannot modify pre-existing version: 0.0.1
56 error old={"name":"hardwire-cli","description":"CLI for Hardwire","version":"0.0.1","author":{"name":"Jacobo Tabernero - jacobo@xarope.eu"},"homepage":"https://github.com/jacoborus/hardwire-cli","main":"bin/hardwire","scripts":{"test":"echo \"Error: no test specified\" && exit 1"},"repository":{"type":"git","url":"git@github.com:jacoborus/hardwire-cli.git"},"keywords":["cli","hardwire","generator","framework"],"bin":{"hardwire":"./bin/hardwire"},"license":"MIT","bugs":{"url":"https://github.com/jacoborus/hardwire-cli/issues"},"dependencies":{"hardwire-boilerplates":"0.0.1","minimist":"^0.1.0","ncp":"^0.5.1"},"_id":"hardwire-cli@0.0.1","_shasum":"0b3282d09ce82e3498b6d076e8b718a404b9044f","_from":".","_npmVersion":"1.4.9","_npmUser":{"name":"jacoborus","email":"jacobo@xarope.eu"},"maintainers":[{"name":"jacoborus","email":"jacobo@xarope.eu"}],"dist":{"shasum":"0b3282d09ce82e3498b6d076e8b718a404b9044f","tarball":"http://registry.npmjs.org/hardwire-cli/-/hardwire-cli-0.0.1.tgz"}}
56 error new={"name":"hardwire-cli","description":"CLI for Hardwire","version":"0.0.1","author":{"name":"Jacobo Tabernero - jacobo@xarope.eu"},"homepage":"https://github.com/jacoborus/hardwire-cli","main":"bin/hardwire","scripts":{"test":"echo \"Error: no test specified\" && exit 1"},"repository":{"type":"git","url":"git@github.com:jacoborus/hardwire-cli.git"},"keywords":["cli","hardwire","generator","framework"],"bin":{"hardwire":"./bin/hardwire"},"license":"MIT","bugs":{"url":"https://github.com/jacoborus/hardwire-cli/issues"},"dependencies":{"hardwire-boilerplates":"0.0.2","minimist":"^0.1.0","ncp":"^0.5.1"},"readme":"Hardwire CLI\u000a============\u000a\u000aCommand line interface for Hardwire.\u000a\u000a\u000aFeatures\u000a--------\u000a\u000a- Generate boilerplates for Hardwire\u000a- (planned) Install Hardwire plugins\u000a- (planned) Build Hardwire plugins\u000a\u000a\u000aInstallation\u000a------------\u000a\u000a```\u000asudo npm install -g hardwire-cli\u000a```\u000a\u000a\u000aUsage\u000a-----\u000a\u000a`hardwire options directory`\u000a\u000aOptions:\u000a\u000a```\u000a  -g <boilerplate>      generate boilerplate (basic or blog)\u000a  -i <plugin>           install plugin (not ready)\u000a  -h                    show this help\u000a```\u000a\u000a\u000a\u000a---\u000a\u000a© 2014 Jacobo Tabernero - [jacoborus](https://github.com/jacoborus)\u000a\u000aReleased under [MIT License](https://raw.github.com/jacoborus/hardwire-cli/master/LICENSE)\u000a","readmeFilename":"README.md","_id":"hardwire-cli@0.0.1","_shasum":"ac77cab3f85d99072fcdf5fee4e3a6a826113312","_from":".","_npmVersion":"1.4.9","_npmUser":{"name":"jacoborus","email":"jacobo@xarope.eu"},"maintainers":[{"name":"jacoborus","email":"jacobo@xarope.eu"}],"dist":{"shasum":"ac77cab3f85d99072fcdf5fee4e3a6a826113312","tarball":"http://registry.npmjs.org/hardwire-cli/-/hardwire-cli-0.0.1.tgz"}}: hardwire-cli
56 error     at RegClient.<anonymous> (/usr/lib/node_modules/npm/node_modules/npm-registry-client/lib/request.js:273:14)
56 error     at Request._callback (/usr/lib/node_modules/npm/node_modules/npm-registry-client/lib/request.js:211:65)
56 error     at Request.self.callback (/usr/lib/node_modules/npm/node_modules/request/request.js:123:22)
56 error     at Request.EventEmitter.emit (events.js:98:17)
56 error     at Request.<anonymous> (/usr/lib/node_modules/npm/node_modules/request/request.js:893:14)
56 error     at Request.EventEmitter.emit (events.js:117:20)
56 error     at IncomingMessage.<anonymous> (/usr/lib/node_modules/npm/node_modules/request/request.js:844:12)
56 error     at IncomingMessage.EventEmitter.emit (events.js:117:20)
56 error     at _stream_readable.js:919:16
56 error     at process._tickCallback (node.js:419:13)
57 error If you need help, you may report this *entire* log,
57 error including the npm and node versions, at:
57 error     <http://github.com/npm/npm/issues>
58 error System Linux 3.13.0-24-generic
59 error command "/usr/bin/node" "/usr/bin/npm" "publish"
60 error cwd /home/jacobo/dev/hardwire-cli
61 error node -v v0.10.28
62 error npm -v 1.4.9
63 verbose exit [ 1, true ]
